<?xml version="1.0" encoding="UTF-8"?>
<!-- Generated by org.testng.reporters.JUnitReportReporter -->
<testsuite hostname="DESKTOP-PJML6U8" failures="0" tests="1" name="demo_java" time="0.012" errors="0" timestamp="25 Jan 2022 10:53:00 GMT" skipped="0">
  <testcase classname="demo_java" name="dem" time="0.012"/>
</testsuite> <!-- demo_java -->
